16:56:23.459 [main] INFO  testCases.TC001_AccountRegistrationTest - **** Starting TC001_ Test
 16:56:23.647 [main] INFO  testCases.TC001_AccountRegistrationTest - *** Clicked on my account link
 16:56:25.349 [main] INFO  testCases.TC001_AccountRegistrationTest - *** clicked on Register link
 16:56:25.358 [main] INFO  testCases.TC001_AccountRegistrationTest - *** provide customer details
 16:56:27.719 [main] INFO  testCases.TC001_AccountRegistrationTest - ***** validating expected message
 16:56:27.784 [main] ERROR testCases.TC001_AccountRegistrationTest - Test failed
 16:56:27.785 [main] DEBUG testCases.TC001_AccountRegistrationTest - debug logs
 16:58:00.937 [main] INFO  testCases.TC001_AccountRegistrationTest - **** Starting TC001_ Test
 16:58:01.092 [main] INFO  testCases.TC001_AccountRegistrationTest - *** Clicked on my account link
 16:58:02.624 [main] INFO  testCases.TC001_AccountRegistrationTest - *** clicked on Register link
 16:58:02.629 [main] INFO  testCases.TC001_AccountRegistrationTest - *** provide customer details
 16:58:04.286 [main] INFO  testCases.TC001_AccountRegistrationTest - ***** validating expected message
 16:58:04.355 [main] INFO  testCases.TC001_AccountRegistrationTest - **** Test Finished ****
 18:32:29.196 [main] INFO  testCases.TC001_AccountRegistrationTest - **** Starting TC001_ Test
 18:32:29.325 [main] INFO  testCases.TC001_AccountRegistrationTest - *** Clicked on my account link
 18:32:31.186 [main] INFO  testCases.TC001_AccountRegistrationTest - *** clicked on Register link
 18:32:31.191 [main] INFO  testCases.TC001_AccountRegistrationTest - *** provide customer details
 18:32:32.661 [main] INFO  testCases.TC001_AccountRegistrationTest - ***** validating expected message
 18:32:32.723 [main] INFO  testCases.TC001_AccountRegistrationTest - **** Test Finished ****
 18:33:48.809 [main] INFO  testCases.TC001_AccountRegistrationTest - **** Starting TC001_ Test
 18:33:48.961 [main] INFO  testCases.TC001_AccountRegistrationTest - *** Clicked on my account link
 18:33:49.760 [main] INFO  testCases.TC001_AccountRegistrationTest - *** clicked on Register link
 18:33:49.765 [main] INFO  testCases.TC001_AccountRegistrationTest - *** provide customer details
 18:33:51.681 [main] INFO  testCases.TC001_AccountRegistrationTest - ***** validating expected message
 18:33:51.736 [main] INFO  testCases.TC001_AccountRegistrationTest - **** Test Finished ****
 18:36:21.306 [main] INFO  testCases.TC001_AccountRegistrationTest - **** Starting TC001_ Test
 18:36:21.418 [main] INFO  testCases.TC001_AccountRegistrationTest - *** Clicked on my account link
 18:36:24.813 [main] INFO  testCases.TC001_AccountRegistrationTest - *** clicked on Register link
 18:36:24.816 [main] INFO  testCases.TC001_AccountRegistrationTest - *** provide customer details
 18:36:26.667 [main] INFO  testCases.TC001_AccountRegistrationTest - ***** validating expected message
 18:36:26.730 [main] INFO  testCases.TC001_AccountRegistrationTest - **** Test Finished ****
 18:36:53.165 [main] INFO  testCases.TC001_AccountRegistrationTest - **** Starting TC001_ Test
 18:36:54.312 [main] INFO  testCases.TC001_AccountRegistrationTest - *** Clicked on my account link
 18:36:56.120 [main] INFO  testCases.TC001_AccountRegistrationTest - *** clicked on Register link
 18:36:56.130 [main] INFO  testCases.TC001_AccountRegistrationTest - *** provide customer details
 18:36:57.606 [main] INFO  testCases.TC001_AccountRegistrationTest - ***** validating expected message
 18:36:57.635 [main] INFO  testCases.TC001_AccountRegistrationTest - **** Test Finished ****
 19:06:02.615 [main] INFO  testCases.TC001_AccountRegistrationTest - **** Starting TC001_ Test
 19:06:02.733 [main] INFO  testCases.TC001_AccountRegistrationTest - *** Clicked on my account link
 19:06:03.541 [main] INFO  testCases.TC001_AccountRegistrationTest - *** clicked on Register link
 19:06:03.549 [main] INFO  testCases.TC001_AccountRegistrationTest - *** provide customer details
 19:06:05.268 [main] INFO  testCases.TC001_AccountRegistrationTest - ***** validating expected message
 19:06:05.327 [main] INFO  testCases.TC001_AccountRegistrationTest - **** Test Finished ****
 19:07:33.725 [main] INFO  testCases.TC001_AccountRegistrationTest - **** Starting TC001_ Test
 19:07:33.846 [main] INFO  testCases.TC001_AccountRegistrationTest - *** Clicked on my account link
 19:07:34.819 [main] INFO  testCases.TC001_AccountRegistrationTest - *** clicked on Register link
 19:07:34.834 [main] INFO  testCases.TC001_AccountRegistrationTest - *** provide customer details
 19:07:36.531 [main] INFO  testCases.TC001_AccountRegistrationTest - ***** validating expected message
 19:07:36.586 [main] INFO  testCases.TC001_AccountRegistrationTest - **** Test Finished ****
 19:12:03.887 [main] INFO  testCases.TC001_AccountRegistrationTest - **** Starting TC001_ Test
 19:12:04.047 [main] INFO  testCases.TC001_AccountRegistrationTest - *** Clicked on my account link
 19:12:07.589 [main] INFO  testCases.TC001_AccountRegistrationTest - *** clicked on Register link
 19:12:07.593 [main] INFO  testCases.TC001_AccountRegistrationTest - *** provide customer details
 19:12:09.444 [main] INFO  testCases.TC001_AccountRegistrationTest - ***** validating expected message
 19:12:09.511 [main] INFO  testCases.TC001_AccountRegistrationTest - **** Test Finished ****
 19:17:14.542 [TestNG-tests-1] INFO  testCases.TC001_AccountRegistrationTest - **** Starting TC001_ Test
 19:17:14.716 [TestNG-tests-1] INFO  testCases.TC001_AccountRegistrationTest - *** Clicked on my account link
 19:17:18.051 [TestNG-tests-1] INFO  testCases.TC001_AccountRegistrationTest - *** clicked on Register link
 19:17:18.057 [TestNG-tests-1] INFO  testCases.TC001_AccountRegistrationTest - *** provide customer details
 19:17:21.891 [TestNG-tests-1] INFO  testCases.TC001_AccountRegistrationTest - ***** validating expected message
 19:17:21.982 [TestNG-tests-1] INFO  testCases.TC001_AccountRegistrationTest - **** Test Finished ****
 19:17:24.122 [TestNG-tests-2] INFO  testCases.TC001_AccountRegistrationTest - **** Starting TC001_ Test
 19:17:24.229 [TestNG-tests-2] INFO  testCases.TC001_AccountRegistrationTest - *** Clicked on my account link
 19:17:25.002 [TestNG-tests-2] INFO  testCases.TC001_AccountRegistrationTest - *** clicked on Register link
 19:17:25.004 [TestNG-tests-2] INFO  testCases.TC001_AccountRegistrationTest - *** provide customer details
 19:17:26.779 [TestNG-tests-2] INFO  testCases.TC001_AccountRegistrationTest - ***** validating expected message
 19:17:26.828 [TestNG-tests-2] INFO  testCases.TC001_AccountRegistrationTest - **** Test Finished ****
 19:22:47.209 [main] INFO  testCases.TC001_AccountRegistrationTest - **** Starting TC001_ Test
 19:22:47.314 [main] INFO  testCases.TC001_AccountRegistrationTest - *** Clicked on my account link
 19:22:48.469 [main] INFO  testCases.TC001_AccountRegistrationTest - *** clicked on Register link
 19:22:48.471 [main] INFO  testCases.TC001_AccountRegistrationTest - *** provide customer details
 19:22:50.022 [main] INFO  testCases.TC001_AccountRegistrationTest - ***** validating expected message
 19:22:50.080 [main] INFO  testCases.TC001_AccountRegistrationTest - **** Test Finished ****
 19:25:18.215 [main] INFO  testCases.TC001_AccountRegistrationTest - **** Starting TC001_ Test
 19:25:18.328 [main] INFO  testCases.TC001_AccountRegistrationTest - *** Clicked on my account link
 19:25:19.676 [main] INFO  testCases.TC001_AccountRegistrationTest - *** clicked on Register link
 19:25:19.682 [main] INFO  testCases.TC001_AccountRegistrationTest - *** provide customer details
 19:25:21.313 [main] INFO  testCases.TC001_AccountRegistrationTest - ***** validating expected message
 19:25:21.374 [main] INFO  testCases.TC001_AccountRegistrationTest - **** Test Finished ****
 07:04:40.891 [main] INFO  testCases.TC001_AccountRegistrationTest - **** Starting TC001_ Test
 07:04:41.411 [main] INFO  testCases.TC001_AccountRegistrationTest - *** Clicked on my account link
 07:04:42.780 [main] INFO  testCases.TC001_AccountRegistrationTest - *** clicked on Register link
 07:04:42.783 [main] INFO  testCases.TC001_AccountRegistrationTest - *** provide customer details
 07:04:45.072 [main] INFO  testCases.TC001_AccountRegistrationTest - ***** validating expected message
 07:04:45.296 [main] INFO  testCases.TC001_AccountRegistrationTest - **** Test Finished ****
 07:07:02.679 [main] INFO  testCases.TC001_AccountRegistrationTest - **** Starting TC001_ Test
 07:07:02.891 [main] INFO  testCases.TC001_AccountRegistrationTest - *** Clicked on my account link
 07:07:04.099 [main] INFO  testCases.TC001_AccountRegistrationTest - *** clicked on Register link
 07:07:04.105 [main] INFO  testCases.TC001_AccountRegistrationTest - *** provide customer details
 07:07:05.901 [main] INFO  testCases.TC001_AccountRegistrationTest - ***** validating expected message
 07:07:05.977 [main] ERROR testCases.TC001_AccountRegistrationTest - Test failed
 08:38:42.386 [main] INFO  testCases.TC001_AccountRegistrationTest - **** Starting TC001_ Test
 08:38:42.495 [main] INFO  testCases.TC001_AccountRegistrationTest - *** Clicked on my account link
 08:38:44.221 [main] INFO  testCases.TC001_AccountRegistrationTest - *** clicked on Register link
 08:38:44.228 [main] INFO  testCases.TC001_AccountRegistrationTest - *** provide customer details
 08:38:47.015 [main] INFO  testCases.TC001_AccountRegistrationTest - ***** validating expected message
 08:38:47.089 [main] INFO  testCases.TC001_AccountRegistrationTest - **** Test Finished ****
 08:39:15.186 [main] INFO  testCases.TC001_AccountRegistrationTest - **** Starting TC001_ Test
 08:39:15.298 [main] INFO  testCases.TC001_AccountRegistrationTest - *** Clicked on my account link
 08:39:17.116 [main] INFO  testCases.TC001_AccountRegistrationTest - *** clicked on Register link
 08:39:17.128 [main] INFO  testCases.TC001_AccountRegistrationTest - *** provide customer details
 08:39:20.880 [main] INFO  testCases.TC001_AccountRegistrationTest - ***** validating expected message
 08:39:20.935 [main] INFO  testCases.TC001_AccountRegistrationTest - **** Test Finished ****
 08:39:51.076 [main] INFO  testCases.TC001_AccountRegistrationTest - **** Starting TC001_ Test
 08:41:11.919 [main] INFO  testCases.TC001_AccountRegistrationTest - **** Starting TC001_ Test
 08:41:12.027 [main] INFO  testCases.TC001_AccountRegistrationTest - *** Clicked on my account link
 08:41:14.269 [main] INFO  testCases.TC001_AccountRegistrationTest - *** clicked on Register link
 08:41:14.274 [main] INFO  testCases.TC001_AccountRegistrationTest - *** provide customer details
 08:41:16.009 [main] INFO  testCases.TC001_AccountRegistrationTest - ***** validating expected message
 08:41:16.064 [main] INFO  testCases.TC001_AccountRegistrationTest - **** Test Finished ****
 20:44:10.419 [main] INFO  testCases.TC001_LoginPageTest - **** testcase2 started*****
 20:46:34.236 [main] INFO  testCases.TC001_LoginPageTest - **** testcase2 started*****
 20:46:40.184 [main] INFO  testCases.TC001_LoginPageTest - **** Testcase2 finished
 20:50:25.324 [main] INFO  testCases.TC001_LoginPageTest - **** testcase2 started*****
 20:50:27.887 [main] INFO  testCases.TC001_LoginPageTest - **** Testcase2 finished
 20:51:10.689 [main] INFO  testCases.TC001_LoginPageTest - **** testcase2 started*****
 20:51:12.723 [main] INFO  testCases.TC001_LoginPageTest - **** Testcase2 finished
 07:27:36.586 [main] INFO  testCases.TC002_LoginPageTest - **** testcase2 started*****
 07:27:38.762 [main] INFO  testCases.TC002_LoginPageTest - **** Testcase2 finished
 07:29:24.877 [main] DEBUG org.testng.TestNG - suiteXmlPath: "F:\Eclipse Workspace\Openkart\Master.xml"
 07:29:25.298 [main] INFO  org.testng.internal.Utils - [TestNG] Running:
  F:\Eclipse Workspace\Openkart\Master.xml

 07:29:36.503 [main] INFO  testCases.TC002_LoginPageTest - **** testcase2 started*****
 07:29:38.457 [main] INFO  testCases.TC002_LoginPageTest - **** Testcase2 finished
 14:05:04.933 [main] DEBUG org.testng.TestNG - suiteXmlPath: "F:\Eclipse Workspace\Openkart\Master.xml"
 14:05:05.677 [main] INFO  org.testng.internal.Utils - [TestNG] Running:
  F:\Eclipse Workspace\Openkart\Master.xml

 14:06:31.066 [main] DEBUG org.testng.TestNG - suiteXmlPath: "F:\Eclipse Workspace\Openkart\Master.xml"
 14:06:31.481 [main] INFO  org.testng.internal.Utils - [TestNG] Running:
  F:\Eclipse Workspace\Openkart\Master.xml

 14:07:37.819 [main] DEBUG org.apache.poi.openxml4j.opc.PackageRelationshipCollection - Parsing relationship: /xl/_rels/workbook.xml.rels
 14:07:37.823 [main] DEBUG org.apache.poi.openxml4j.opc.PackageRelationshipCollection - Parsing relationship: /xl/_rels/workbook.xml.rels
 14:07:37.832 [main] DEBUG org.apache.poi.openxml4j.opc.PackageRelationshipCollection - Parsing relationship: /xl/worksheets/_rels/sheet2.xml.rels
 14:07:37.832 [main] DEBUG org.apache.poi.openxml4j.opc.PackageRelationshipCollection - Parsing relationship: /xl/worksheets/_rels/sheet2.xml.rels
 14:07:37.842 [main] DEBUG org.apache.poi.openxml4j.opc.PackageRelationshipCollection - Parsing relationship: /_rels/.rels
 14:07:37.849 [main] DEBUG org.apache.poi.openxml4j.opc.PackageRelationshipCollection - Parsing relationship: /_rels/.rels
 14:07:42.866 [main] DEBUG org.apache.poi.openxml4j.opc.PackageRelationshipCollection - Parsing relationship: /xl/_rels/workbook.xml.rels
 14:07:42.870 [main] DEBUG org.apache.poi.openxml4j.opc.PackageRelationshipCollection - Parsing relationship: /xl/worksheets/_rels/sheet2.xml.rels
 14:07:42.873 [main] DEBUG org.apache.poi.openxml4j.opc.PackageRelationshipCollection - Parsing relationship: /_rels/.rels
 14:07:42.886 [main] DEBUG org.apache.poi.openxml4j.opc.PackageRelationshipCollection - Parsing relationship: /xl/_rels/workbook.xml.rels
 14:07:42.893 [main] DEBUG org.apache.poi.openxml4j.opc.PackageRelationshipCollection - Parsing relationship: /xl/worksheets/_rels/sheet2.xml.rels
 14:07:42.903 [main] DEBUG org.apache.poi.openxml4j.opc.PackageRelationshipCollection - Parsing relationship: /_rels/.rels
 14:07:44.549 [main] ERROR org.testng.reporters.jq.Main - F:\Eclipse Workspace\Openkart\test-output\jquery-3.6.0.min.js
 java.nio.file.AccessDeniedException: F:\Eclipse Workspace\Openkart\test-output\jquery-3.6.0.min.js
	at java.base/sun.nio.fs.WindowsException.translateToIOException(WindowsException.java:89) ~[?:?]
	at java.base/sun.nio.fs.WindowsException.rethrowAsIOException(WindowsException.java:103) ~[?:?]
	at java.base/sun.nio.fs.WindowsException.rethrowAsIOException(WindowsException.java:108) ~[?:?]
	at java.base/sun.nio.fs.WindowsFileSystemProvider.implDelete(WindowsFileSystemProvider.java:273) ~[?:?]
	at java.base/sun.nio.fs.AbstractFileSystemProvider.deleteIfExists(AbstractFileSystemProvider.java:109) ~[?:?]
	at java.base/java.nio.file.Files.deleteIfExists(Files.java:1191) ~[?:?]
	at java.base/java.nio.file.Files.copy(Files.java:3128) ~[?:?]
	at org.testng.reporters.jq.Main.generateReport(Main.java:95) [testng-7.10.2.jar:7.10.2]
	at org.testng.TestNG.generateReports(TestNG.java:1160) [testng-7.10.2.jar:7.10.2]
	at org.testng.TestNG.run(TestNG.java:1085) [testng-7.10.2.jar:7.10.2]
	at org.testng.remote.AbstractRemoteTestNG.run(AbstractRemoteTestNG.java:115) [testng-remote.jar:?]
	at org.testng.remote.RemoteTestNG.initAndRun(RemoteTestNG.java:293) [testng-remote.jar:?]
	at org.testng.remote.RemoteTestNG.main(RemoteTestNG.java:91) [testng-remote.jar:?]
14:54:18.081 [main] DEBUG org.testng.TestNG - suiteXmlPath: "F:\Eclipse Workspace\Openkart\Master.xml"
 14:54:18.663 [main] INFO  org.testng.internal.Utils - [TestNG] Running:
  F:\Eclipse Workspace\Openkart\Master.xml

 14:54:35.987 [main] DEBUG org.apache.poi.openxml4j.opc.PackageRelationshipCollection - Parsing relationship: /xl/_rels/workbook.xml.rels
 14:54:35.992 [main] DEBUG org.apache.poi.openxml4j.opc.PackageRelationshipCollection - Parsing relationship: /xl/worksheets/_rels/sheet2.xml.rels
 14:54:35.995 [main] DEBUG org.apache.poi.openxml4j.opc.PackageRelationshipCollection - Parsing relationship: /_rels/.rels
 14:54:36.728 [main] DEBUG org.apache.poi.openxml4j.opc.PackageRelationshipCollection - Parsing relationship: /xl/_rels/workbook.xml.rels
 14:54:36.730 [main] DEBUG org.apache.poi.openxml4j.opc.PackageRelationshipCollection - Parsing relationship: /xl/worksheets/_rels/sheet2.xml.rels
 14:54:36.732 [main] DEBUG org.apache.poi.openxml4j.opc.PackageRelationshipCollection - Parsing relationship: /_rels/.rels
 14:56:00.573 [main] DEBUG org.testng.TestNG - suiteXmlPath: "F:\Eclipse Workspace\Openkart\Master.xml"
 14:56:01.031 [main] INFO  org.testng.internal.Utils - [TestNG] Running:
  F:\Eclipse Workspace\Openkart\Master.xml

 14:56:14.564 [main] DEBUG org.apache.poi.openxml4j.opc.PackageRelationshipCollection - Parsing relationship: /xl/_rels/workbook.xml.rels
 14:56:14.567 [main] DEBUG org.apache.poi.openxml4j.opc.PackageRelationshipCollection - Parsing relationship: /xl/worksheets/_rels/sheet2.xml.rels
 14:56:14.570 [main] DEBUG org.apache.poi.openxml4j.opc.PackageRelationshipCollection - Parsing relationship: /_rels/.rels
 14:56:15.318 [main] DEBUG org.apache.poi.openxml4j.opc.PackageRelationshipCollection - Parsing relationship: /xl/_rels/workbook.xml.rels
 14:56:15.322 [main] DEBUG org.apache.poi.openxml4j.opc.PackageRelationshipCollection - Parsing relationship: /xl/worksheets/_rels/sheet2.xml.rels
 14:56:15.324 [main] DEBUG org.apache.poi.openxml4j.opc.PackageRelationshipCollection - Parsing relationship: /_rels/.rels
 14:56:15.383 [main] DEBUG org.apache.poi.openxml4j.opc.PackageRelationshipCollection - Parsing relationship: /xl/_rels/workbook.xml.rels
 14:56:15.386 [main] DEBUG org.apache.poi.openxml4j.opc.PackageRelationshipCollection - Parsing relationship: /xl/worksheets/_rels/sheet2.xml.rels
 14:56:15.389 [main] DEBUG org.apache.poi.openxml4j.opc.PackageRelationshipCollection - Parsing relationship: /_rels/.rels
 14:56:15.515 [main] DEBUG org.apache.poi.openxml4j.opc.PackageRelationshipCollection - Parsing relationship: /xl/_rels/workbook.xml.rels
 14:56:15.518 [main] DEBUG org.apache.poi.openxml4j.opc.PackageRelationshipCollection - Parsing relationship: /xl/worksheets/_rels/sheet2.xml.rels
 14:56:15.520 [main] DEBUG org.apache.poi.openxml4j.opc.PackageRelationshipCollection - Parsing relationship: /_rels/.rels
 14:56:15.563 [main] DEBUG org.apache.poi.openxml4j.opc.PackageRelationshipCollection - Parsing relationship: /xl/_rels/workbook.xml.rels
 14:56:15.564 [main] DEBUG org.apache.poi.openxml4j.opc.PackageRelationshipCollection - Parsing relationship: /xl/worksheets/_rels/sheet2.xml.rels
 14:56:15.566 [main] DEBUG org.apache.poi.openxml4j.opc.PackageRelationshipCollection - Parsing relationship: /_rels/.rels
 14:56:15.606 [main] DEBUG org.apache.poi.openxml4j.opc.PackageRelationshipCollection - Parsing relationship: /xl/_rels/workbook.xml.rels
 14:56:15.608 [main] DEBUG org.apache.poi.openxml4j.opc.PackageRelationshipCollection - Parsing relationship: /xl/worksheets/_rels/sheet2.xml.rels
 14:56:15.610 [main] DEBUG org.apache.poi.openxml4j.opc.PackageRelationshipCollection - Parsing relationship: /_rels/.rels
 14:56:15.648 [main] DEBUG org.apache.poi.openxml4j.opc.PackageRelationshipCollection - Parsing relationship: /xl/_rels/workbook.xml.rels
 14:56:15.650 [main] DEBUG org.apache.poi.openxml4j.opc.PackageRelationshipCollection - Parsing relationship: /xl/worksheets/_rels/sheet2.xml.rels
 14:56:15.651 [main] DEBUG org.apache.poi.openxml4j.opc.PackageRelationshipCollection - Parsing relationship: /_rels/.rels
 14:56:15.689 [main] DEBUG org.apache.poi.openxml4j.opc.PackageRelationshipCollection - Parsing relationship: /xl/_rels/workbook.xml.rels
 14:56:15.690 [main] DEBUG org.apache.poi.openxml4j.opc.PackageRelationshipCollection - Parsing relationship: /xl/worksheets/_rels/sheet2.xml.rels
 14:56:15.692 [main] DEBUG org.apache.poi.openxml4j.opc.PackageRelationshipCollection - Parsing relationship: /_rels/.rels
 14:56:15.729 [main] DEBUG org.apache.poi.openxml4j.opc.PackageRelationshipCollection - Parsing relationship: /xl/_rels/workbook.xml.rels
 14:56:15.730 [main] DEBUG org.apache.poi.openxml4j.opc.PackageRelationshipCollection - Parsing relationship: /xl/worksheets/_rels/sheet2.xml.rels
 14:56:15.732 [main] DEBUG org.apache.poi.openxml4j.opc.PackageRelationshipCollection - Parsing relationship: /_rels/.rels
 14:56:15.769 [main] DEBUG org.apache.poi.openxml4j.opc.PackageRelationshipCollection - Parsing relationship: /xl/_rels/workbook.xml.rels
 14:56:15.771 [main] DEBUG org.apache.poi.openxml4j.opc.PackageRelationshipCollection - Parsing relationship: /xl/worksheets/_rels/sheet2.xml.rels
 14:56:15.772 [main] DEBUG org.apache.poi.openxml4j.opc.PackageRelationshipCollection - Parsing relationship: /_rels/.rels
 14:56:15.809 [main] DEBUG org.apache.poi.openxml4j.opc.PackageRelationshipCollection - Parsing relationship: /xl/_rels/workbook.xml.rels
 14:56:15.811 [main] DEBUG org.apache.poi.openxml4j.opc.PackageRelationshipCollection - Parsing relationship: /xl/worksheets/_rels/sheet2.xml.rels
 14:56:15.812 [main] DEBUG org.apache.poi.openxml4j.opc.PackageRelationshipCollection - Parsing relationship: /_rels/.rels
 14:56:15.845 [main] DEBUG org.apache.poi.openxml4j.opc.PackageRelationshipCollection - Parsing relationship: /xl/_rels/workbook.xml.rels
 14:56:15.847 [main] DEBUG org.apache.poi.openxml4j.opc.PackageRelationshipCollection - Parsing relationship: /xl/worksheets/_rels/sheet2.xml.rels
 14:56:15.848 [main] DEBUG org.apache.poi.openxml4j.opc.PackageRelationshipCollection - Parsing relationship: /_rels/.rels
 14:56:15.880 [main] DEBUG org.apache.poi.openxml4j.opc.PackageRelationshipCollection - Parsing relationship: /xl/_rels/workbook.xml.rels
 14:56:15.882 [main] DEBUG org.apache.poi.openxml4j.opc.PackageRelationshipCollection - Parsing relationship: /xl/worksheets/_rels/sheet2.xml.rels
 14:56:15.883 [main] DEBUG org.apache.poi.openxml4j.opc.PackageRelationshipCollection - Parsing relationship: /_rels/.rels
 14:56:15.926 [main] DEBUG org.apache.poi.openxml4j.opc.PackageRelationshipCollection - Parsing relationship: /xl/_rels/workbook.xml.rels
 14:56:15.929 [main] DEBUG org.apache.poi.openxml4j.opc.PackageRelationshipCollection - Parsing relationship: /xl/worksheets/_rels/sheet2.xml.rels
 14:56:15.931 [main] DEBUG org.apache.poi.openxml4j.opc.PackageRelationshipCollection - Parsing relationship: /_rels/.rels
 14:56:15.988 [main] INFO  testCases.TC003_LoginDDT - ******* Starting TC003_loginDDT ******
 14:56:28.617 [main] INFO  testCases.TC003_LoginDDT - ******* Starting TC003_loginDDT ******
 14:56:40.361 [main] INFO  testCases.TC003_LoginDDT - ******* finished TC003_loginDDT ******
 14:56:40.369 [main] INFO  testCases.TC003_LoginDDT - ******* Starting TC003_loginDDT ******
 14:56:52.603 [main] INFO  testCases.TC003_LoginDDT - ******* finished TC003_loginDDT ******
 14:56:52.618 [main] INFO  testCases.TC003_LoginDDT - ******* Starting TC003_loginDDT ******
 14:56:58.562 [main] INFO  testCases.TC003_LoginDDT - ******* finished TC003_loginDDT ******
 15:16:39.210 [main] DEBUG org.testng.TestNG - suiteXmlPath: "F:\Eclipse Workspace\Openkart\Master.xml"
 15:16:39.602 [main] INFO  org.testng.internal.Utils - [TestNG] Running:
  F:\Eclipse Workspace\Openkart\Master.xml

 15:16:57.567 [main] DEBUG org.apache.poi.openxml4j.opc.PackageRelationshipCollection - Parsing relationship: /xl/_rels/workbook.xml.rels
 15:16:57.571 [main] DEBUG org.apache.poi.openxml4j.opc.PackageRelationshipCollection - Parsing relationship: /xl/worksheets/_rels/sheet2.xml.rels
 15:16:57.574 [main] DEBUG org.apache.poi.openxml4j.opc.PackageRelationshipCollection - Parsing relationship: /_rels/.rels
 15:16:58.239 [main] DEBUG org.apache.poi.openxml4j.opc.PackageRelationshipCollection - Parsing relationship: /xl/_rels/workbook.xml.rels
 15:16:58.241 [main] DEBUG org.apache.poi.openxml4j.opc.PackageRelationshipCollection - Parsing relationship: /xl/worksheets/_rels/sheet2.xml.rels
 15:16:58.243 [main] DEBUG org.apache.poi.openxml4j.opc.PackageRelationshipCollection - Parsing relationship: /_rels/.rels
 15:16:58.299 [main] DEBUG org.apache.poi.openxml4j.opc.PackageRelationshipCollection - Parsing relationship: /xl/_rels/workbook.xml.rels
 15:16:58.301 [main] DEBUG org.apache.poi.openxml4j.opc.PackageRelationshipCollection - Parsing relationship: /xl/worksheets/_rels/sheet2.xml.rels
 15:16:58.303 [main] DEBUG org.apache.poi.openxml4j.opc.PackageRelationshipCollection - Parsing relationship: /_rels/.rels
 15:16:58.384 [main] DEBUG org.apache.poi.openxml4j.opc.PackageRelationshipCollection - Parsing relationship: /xl/_rels/workbook.xml.rels
 15:16:58.387 [main] DEBUG org.apache.poi.openxml4j.opc.PackageRelationshipCollection - Parsing relationship: /xl/worksheets/_rels/sheet2.xml.rels
 15:16:58.388 [main] DEBUG org.apache.poi.openxml4j.opc.PackageRelationshipCollection - Parsing relationship: /_rels/.rels
 15:16:58.433 [main] DEBUG org.apache.poi.openxml4j.opc.PackageRelationshipCollection - Parsing relationship: /xl/_rels/workbook.xml.rels
 15:16:58.435 [main] DEBUG org.apache.poi.openxml4j.opc.PackageRelationshipCollection - Parsing relationship: /xl/worksheets/_rels/sheet2.xml.rels
 15:16:58.436 [main] DEBUG org.apache.poi.openxml4j.opc.PackageRelationshipCollection - Parsing relationship: /_rels/.rels
 15:16:58.475 [main] DEBUG org.apache.poi.openxml4j.opc.PackageRelationshipCollection - Parsing relationship: /xl/_rels/workbook.xml.rels
 15:16:58.477 [main] DEBUG org.apache.poi.openxml4j.opc.PackageRelationshipCollection - Parsing relationship: /xl/worksheets/_rels/sheet2.xml.rels
 15:16:58.479 [main] DEBUG org.apache.poi.openxml4j.opc.PackageRelationshipCollection - Parsing relationship: /_rels/.rels
 15:16:58.519 [main] DEBUG org.apache.poi.openxml4j.opc.PackageRelationshipCollection - Parsing relationship: /xl/_rels/workbook.xml.rels
 15:16:58.521 [main] DEBUG org.apache.poi.openxml4j.opc.PackageRelationshipCollection - Parsing relationship: /xl/worksheets/_rels/sheet2.xml.rels
 15:16:58.523 [main] DEBUG org.apache.poi.openxml4j.opc.PackageRelationshipCollection - Parsing relationship: /_rels/.rels
 15:16:58.563 [main] DEBUG org.apache.poi.openxml4j.opc.PackageRelationshipCollection - Parsing relationship: /xl/_rels/workbook.xml.rels
 15:16:58.564 [main] DEBUG org.apache.poi.openxml4j.opc.PackageRelationshipCollection - Parsing relationship: /xl/worksheets/_rels/sheet2.xml.rels
 15:16:58.565 [main] DEBUG org.apache.poi.openxml4j.opc.PackageRelationshipCollection - Parsing relationship: /_rels/.rels
 15:16:58.603 [main] DEBUG org.apache.poi.openxml4j.opc.PackageRelationshipCollection - Parsing relationship: /xl/_rels/workbook.xml.rels
 15:16:58.605 [main] DEBUG org.apache.poi.openxml4j.opc.PackageRelationshipCollection - Parsing relationship: /xl/worksheets/_rels/sheet2.xml.rels
 15:16:58.606 [main] DEBUG org.apache.poi.openxml4j.opc.PackageRelationshipCollection - Parsing relationship: /_rels/.rels
 15:16:58.640 [main] DEBUG org.apache.poi.openxml4j.opc.PackageRelationshipCollection - Parsing relationship: /xl/_rels/workbook.xml.rels
 15:16:58.641 [main] DEBUG org.apache.poi.openxml4j.opc.PackageRelationshipCollection - Parsing relationship: /xl/worksheets/_rels/sheet2.xml.rels
 15:16:58.643 [main] DEBUG org.apache.poi.openxml4j.opc.PackageRelationshipCollection - Parsing relationship: /_rels/.rels
 15:16:58.688 [main] DEBUG org.apache.poi.openxml4j.opc.PackageRelationshipCollection - Parsing relationship: /xl/_rels/workbook.xml.rels
 15:16:58.690 [main] DEBUG org.apache.poi.openxml4j.opc.PackageRelationshipCollection - Parsing relationship: /xl/worksheets/_rels/sheet2.xml.rels
 15:16:58.691 [main] DEBUG org.apache.poi.openxml4j.opc.PackageRelationshipCollection - Parsing relationship: /_rels/.rels
 15:16:58.722 [main] DEBUG org.apache.poi.openxml4j.opc.PackageRelationshipCollection - Parsing relationship: /xl/_rels/workbook.xml.rels
 15:16:58.723 [main] DEBUG org.apache.poi.openxml4j.opc.PackageRelationshipCollection - Parsing relationship: /xl/worksheets/_rels/sheet2.xml.rels
 15:16:58.725 [main] DEBUG org.apache.poi.openxml4j.opc.PackageRelationshipCollection - Parsing relationship: /_rels/.rels
 15:16:58.755 [main] DEBUG org.apache.poi.openxml4j.opc.PackageRelationshipCollection - Parsing relationship: /xl/_rels/workbook.xml.rels
 15:16:58.756 [main] DEBUG org.apache.poi.openxml4j.opc.PackageRelationshipCollection - Parsing relationship: /xl/worksheets/_rels/sheet2.xml.rels
 15:16:58.757 [main] DEBUG org.apache.poi.openxml4j.opc.PackageRelationshipCollection - Parsing relationship: /_rels/.rels
 15:16:58.788 [main] DEBUG org.apache.poi.openxml4j.opc.PackageRelationshipCollection - Parsing relationship: /xl/_rels/workbook.xml.rels
 15:16:58.789 [main] DEBUG org.apache.poi.openxml4j.opc.PackageRelationshipCollection - Parsing relationship: /xl/worksheets/_rels/sheet2.xml.rels
 15:16:58.790 [main] DEBUG org.apache.poi.openxml4j.opc.PackageRelationshipCollection - Parsing relationship: /_rels/.rels
 15:16:58.834 [main] INFO  testCases.TC003_LoginDDT - ******* Starting TC003_loginDDT ******
 15:17:12.019 [main] INFO  testCases.TC003_LoginDDT - ******* Starting TC003_loginDDT ******
 15:17:32.381 [main] INFO  testCases.TC003_LoginDDT - ******* finished TC003_loginDDT ******
 15:17:32.389 [main] INFO  testCases.TC003_LoginDDT - ******* Starting TC003_loginDDT ******
 15:17:44.716 [main] INFO  testCases.TC003_LoginDDT - ******* finished TC003_loginDDT ******
 15:17:44.726 [main] INFO  testCases.TC003_LoginDDT - ******* Starting TC003_loginDDT ******
 15:17:53.054 [main] INFO  testCases.TC003_LoginDDT - ******* finished TC003_loginDDT ******
 15:21:30.280 [main] DEBUG org.testng.TestNG - suiteXmlPath: "F:\Eclipse Workspace\Openkart\Master.xml"
 15:21:30.675 [main] INFO  org.testng.internal.Utils - [TestNG] Running:
  F:\Eclipse Workspace\Openkart\Master.xml

 15:21:42.291 [main] DEBUG org.apache.poi.openxml4j.opc.PackageRelationshipCollection - Parsing relationship: /xl/_rels/workbook.xml.rels
 15:21:42.312 [main] DEBUG org.apache.poi.openxml4j.opc.PackageRelationshipCollection - Parsing relationship: /xl/worksheets/_rels/sheet2.xml.rels
 15:21:42.314 [main] DEBUG org.apache.poi.openxml4j.opc.PackageRelationshipCollection - Parsing relationship: /_rels/.rels
 15:21:43.147 [main] DEBUG org.apache.poi.openxml4j.opc.PackageRelationshipCollection - Parsing relationship: /xl/_rels/workbook.xml.rels
 15:21:43.149 [main] DEBUG org.apache.poi.openxml4j.opc.PackageRelationshipCollection - Parsing relationship: /xl/worksheets/_rels/sheet2.xml.rels
 15:21:43.151 [main] DEBUG org.apache.poi.openxml4j.opc.PackageRelationshipCollection - Parsing relationship: /_rels/.rels
 15:21:43.208 [main] DEBUG org.apache.poi.openxml4j.opc.PackageRelationshipCollection - Parsing relationship: /xl/_rels/workbook.xml.rels
 15:21:43.211 [main] DEBUG org.apache.poi.openxml4j.opc.PackageRelationshipCollection - Parsing relationship: /xl/worksheets/_rels/sheet2.xml.rels
 15:21:43.213 [main] DEBUG org.apache.poi.openxml4j.opc.PackageRelationshipCollection - Parsing relationship: /_rels/.rels
 15:21:43.307 [main] DEBUG org.apache.poi.openxml4j.opc.PackageRelationshipCollection - Parsing relationship: /xl/_rels/workbook.xml.rels
 15:21:43.309 [main] DEBUG org.apache.poi.openxml4j.opc.PackageRelationshipCollection - Parsing relationship: /xl/worksheets/_rels/sheet2.xml.rels
 15:21:43.312 [main] DEBUG org.apache.poi.openxml4j.opc.PackageRelationshipCollection - Parsing relationship: /_rels/.rels
 15:21:43.356 [main] DEBUG org.apache.poi.openxml4j.opc.PackageRelationshipCollection - Parsing relationship: /xl/_rels/workbook.xml.rels
 15:21:43.358 [main] DEBUG org.apache.poi.openxml4j.opc.PackageRelationshipCollection - Parsing relationship: /xl/worksheets/_rels/sheet2.xml.rels
 15:21:43.360 [main] DEBUG org.apache.poi.openxml4j.opc.PackageRelationshipCollection - Parsing relationship: /_rels/.rels
 15:21:43.398 [main] DEBUG org.apache.poi.openxml4j.opc.PackageRelationshipCollection - Parsing relationship: /xl/_rels/workbook.xml.rels
 15:21:43.400 [main] DEBUG org.apache.poi.openxml4j.opc.PackageRelationshipCollection - Parsing relationship: /xl/worksheets/_rels/sheet2.xml.rels
 15:21:43.402 [main] DEBUG org.apache.poi.openxml4j.opc.PackageRelationshipCollection - Parsing relationship: /_rels/.rels
 15:21:43.443 [main] DEBUG org.apache.poi.openxml4j.opc.PackageRelationshipCollection - Parsing relationship: /xl/_rels/workbook.xml.rels
 15:21:43.445 [main] DEBUG org.apache.poi.openxml4j.opc.PackageRelationshipCollection - Parsing relationship: /xl/worksheets/_rels/sheet2.xml.rels
 15:21:43.447 [main] DEBUG org.apache.poi.openxml4j.opc.PackageRelationshipCollection - Parsing relationship: /_rels/.rels
 15:21:43.487 [main] DEBUG org.apache.poi.openxml4j.opc.PackageRelationshipCollection - Parsing relationship: /xl/_rels/workbook.xml.rels
 15:21:43.488 [main] DEBUG org.apache.poi.openxml4j.opc.PackageRelationshipCollection - Parsing relationship: /xl/worksheets/_rels/sheet2.xml.rels
 15:21:43.490 [main] DEBUG org.apache.poi.openxml4j.opc.PackageRelationshipCollection - Parsing relationship: /_rels/.rels
 15:21:43.527 [main] DEBUG org.apache.poi.openxml4j.opc.PackageRelationshipCollection - Parsing relationship: /xl/_rels/workbook.xml.rels
 15:21:43.529 [main] DEBUG org.apache.poi.openxml4j.opc.PackageRelationshipCollection - Parsing relationship: /xl/worksheets/_rels/sheet2.xml.rels
 15:21:43.530 [main] DEBUG org.apache.poi.openxml4j.opc.PackageRelationshipCollection - Parsing relationship: /_rels/.rels
 15:21:43.564 [main] DEBUG org.apache.poi.openxml4j.opc.PackageRelationshipCollection - Parsing relationship: /xl/_rels/workbook.xml.rels
 15:21:43.565 [main] DEBUG org.apache.poi.openxml4j.opc.PackageRelationshipCollection - Parsing relationship: /xl/worksheets/_rels/sheet2.xml.rels
 15:21:43.566 [main] DEBUG org.apache.poi.openxml4j.opc.PackageRelationshipCollection - Parsing relationship: /_rels/.rels
 15:21:43.598 [main] DEBUG org.apache.poi.openxml4j.opc.PackageRelationshipCollection - Parsing relationship: /xl/_rels/workbook.xml.rels
 15:21:43.599 [main] DEBUG org.apache.poi.openxml4j.opc.PackageRelationshipCollection - Parsing relationship: /xl/worksheets/_rels/sheet2.xml.rels
 15:21:43.600 [main] DEBUG org.apache.poi.openxml4j.opc.PackageRelationshipCollection - Parsing relationship: /_rels/.rels
 15:21:43.637 [main] DEBUG org.apache.poi.openxml4j.opc.PackageRelationshipCollection - Parsing relationship: /xl/_rels/workbook.xml.rels
 15:21:43.639 [main] DEBUG org.apache.poi.openxml4j.opc.PackageRelationshipCollection - Parsing relationship: /xl/worksheets/_rels/sheet2.xml.rels
 15:21:43.640 [main] DEBUG org.apache.poi.openxml4j.opc.PackageRelationshipCollection - Parsing relationship: /_rels/.rels
 15:21:43.673 [main] DEBUG org.apache.poi.openxml4j.opc.PackageRelationshipCollection - Parsing relationship: /xl/_rels/workbook.xml.rels
 15:21:43.675 [main] DEBUG org.apache.poi.openxml4j.opc.PackageRelationshipCollection - Parsing relationship: /xl/worksheets/_rels/sheet2.xml.rels
 15:21:43.676 [main] DEBUG org.apache.poi.openxml4j.opc.PackageRelationshipCollection - Parsing relationship: /_rels/.rels
 15:21:43.713 [main] DEBUG org.apache.poi.openxml4j.opc.PackageRelationshipCollection - Parsing relationship: /xl/_rels/workbook.xml.rels
 15:21:43.714 [main] DEBUG org.apache.poi.openxml4j.opc.PackageRelationshipCollection - Parsing relationship: /xl/worksheets/_rels/sheet2.xml.rels
 15:21:43.715 [main] DEBUG org.apache.poi.openxml4j.opc.PackageRelationshipCollection - Parsing relationship: /_rels/.rels
 15:21:43.768 [main] INFO  testCases.TC003_LoginDDT - ******* Starting TC003_loginDDT ******
 15:21:55.547 [main] INFO  testCases.TC003_LoginDDT - ******* Starting TC003_loginDDT ******
 15:22:10.258 [main] INFO  testCases.TC003_LoginDDT - ******* finished TC003_loginDDT ******
 15:22:10.269 [main] INFO  testCases.TC003_LoginDDT - ******* Starting TC003_loginDDT ******
 15:22:10.288 [main] INFO  testCases.TC003_LoginDDT - ******* Starting TC003_loginDDT ******
 15:31:38.452 [main] DEBUG org.testng.TestNG - suiteXmlPath: "F:\Eclipse Workspace\Openkart\Master.xml"
 15:31:38.894 [main] INFO  org.testng.internal.Utils - [TestNG] Running:
  F:\Eclipse Workspace\Openkart\Master.xml

 15:31:50.151 [main] DEBUG org.apache.poi.openxml4j.opc.PackageRelationshipCollection - Parsing relationship: /xl/_rels/workbook.xml.rels
 15:31:50.157 [main] DEBUG org.apache.poi.openxml4j.opc.PackageRelationshipCollection - Parsing relationship: /xl/worksheets/_rels/sheet1.xml.rels
 15:31:50.161 [main] DEBUG org.apache.poi.openxml4j.opc.PackageRelationshipCollection - Parsing relationship: /_rels/.rels
 15:32:33.170 [main] DEBUG org.testng.TestNG - suiteXmlPath: "F:\Eclipse Workspace\Openkart\Master.xml"
 15:32:33.612 [main] INFO  org.testng.internal.Utils - [TestNG] Running:
  F:\Eclipse Workspace\Openkart\Master.xml

 15:32:43.908 [main] DEBUG org.apache.poi.openxml4j.opc.PackageRelationshipCollection - Parsing relationship: /xl/_rels/workbook.xml.rels
 15:32:43.914 [main] DEBUG org.apache.poi.openxml4j.opc.PackageRelationshipCollection - Parsing relationship: /xl/worksheets/_rels/sheet1.xml.rels
 15:32:43.918 [main] DEBUG org.apache.poi.openxml4j.opc.PackageRelationshipCollection - Parsing relationship: /_rels/.rels
 15:32:44.699 [main] DEBUG org.apache.poi.openxml4j.opc.PackageRelationshipCollection - Parsing relationship: /xl/_rels/workbook.xml.rels
 15:32:44.701 [main] DEBUG org.apache.poi.openxml4j.opc.PackageRelationshipCollection - Parsing relationship: /xl/worksheets/_rels/sheet1.xml.rels
 15:32:44.703 [main] DEBUG org.apache.poi.openxml4j.opc.PackageRelationshipCollection - Parsing relationship: /_rels/.rels
 15:32:44.759 [main] DEBUG org.apache.poi.openxml4j.opc.PackageRelationshipCollection - Parsing relationship: /xl/_rels/workbook.xml.rels
 15:32:44.761 [main] DEBUG org.apache.poi.openxml4j.opc.PackageRelationshipCollection - Parsing relationship: /xl/worksheets/_rels/sheet1.xml.rels
 15:32:44.764 [main] DEBUG org.apache.poi.openxml4j.opc.PackageRelationshipCollection - Parsing relationship: /_rels/.rels
 15:32:44.829 [main] DEBUG org.apache.poi.openxml4j.opc.PackageRelationshipCollection - Parsing relationship: /xl/_rels/workbook.xml.rels
 15:32:44.831 [main] DEBUG org.apache.poi.openxml4j.opc.PackageRelationshipCollection - Parsing relationship: /xl/worksheets/_rels/sheet1.xml.rels
 15:32:44.833 [main] DEBUG org.apache.poi.openxml4j.opc.PackageRelationshipCollection - Parsing relationship: /_rels/.rels
 15:32:44.878 [main] DEBUG org.apache.poi.openxml4j.opc.PackageRelationshipCollection - Parsing relationship: /xl/_rels/workbook.xml.rels
 15:32:44.880 [main] DEBUG org.apache.poi.openxml4j.opc.PackageRelationshipCollection - Parsing relationship: /xl/worksheets/_rels/sheet1.xml.rels
 15:32:44.882 [main] DEBUG org.apache.poi.openxml4j.opc.PackageRelationshipCollection - Parsing relationship: /_rels/.rels
 15:32:44.926 [main] DEBUG org.apache.poi.openxml4j.opc.PackageRelationshipCollection - Parsing relationship: /xl/_rels/workbook.xml.rels
 15:32:44.928 [main] DEBUG org.apache.poi.openxml4j.opc.PackageRelationshipCollection - Parsing relationship: /xl/worksheets/_rels/sheet1.xml.rels
 15:32:44.930 [main] DEBUG org.apache.poi.openxml4j.opc.PackageRelationshipCollection - Parsing relationship: /_rels/.rels
 15:32:44.973 [main] DEBUG org.apache.poi.openxml4j.opc.PackageRelationshipCollection - Parsing relationship: /xl/_rels/workbook.xml.rels
 15:32:44.974 [main] DEBUG org.apache.poi.openxml4j.opc.PackageRelationshipCollection - Parsing relationship: /xl/worksheets/_rels/sheet1.xml.rels
 15:32:44.976 [main] DEBUG org.apache.poi.openxml4j.opc.PackageRelationshipCollection - Parsing relationship: /_rels/.rels
 15:32:45.018 [main] DEBUG org.apache.poi.openxml4j.opc.PackageRelationshipCollection - Parsing relationship: /xl/_rels/workbook.xml.rels
 15:32:45.019 [main] DEBUG org.apache.poi.openxml4j.opc.PackageRelationshipCollection - Parsing relationship: /xl/worksheets/_rels/sheet1.xml.rels
 15:32:45.021 [main] DEBUG org.apache.poi.openxml4j.opc.PackageRelationshipCollection - Parsing relationship: /_rels/.rels
 15:32:45.062 [main] DEBUG org.apache.poi.openxml4j.opc.PackageRelationshipCollection - Parsing relationship: /xl/_rels/workbook.xml.rels
 15:32:45.065 [main] DEBUG org.apache.poi.openxml4j.opc.PackageRelationshipCollection - Parsing relationship: /xl/worksheets/_rels/sheet1.xml.rels
 15:32:45.066 [main] DEBUG org.apache.poi.openxml4j.opc.PackageRelationshipCollection - Parsing relationship: /_rels/.rels
 15:32:45.102 [main] DEBUG org.apache.poi.openxml4j.opc.PackageRelationshipCollection - Parsing relationship: /xl/_rels/workbook.xml.rels
 15:32:45.104 [main] DEBUG org.apache.poi.openxml4j.opc.PackageRelationshipCollection - Parsing relationship: /xl/worksheets/_rels/sheet1.xml.rels
 15:32:45.106 [main] DEBUG org.apache.poi.openxml4j.opc.PackageRelationshipCollection - Parsing relationship: /_rels/.rels
 15:32:45.143 [main] DEBUG org.apache.poi.openxml4j.opc.PackageRelationshipCollection - Parsing relationship: /xl/_rels/workbook.xml.rels
 15:32:45.145 [main] DEBUG org.apache.poi.openxml4j.opc.PackageRelationshipCollection - Parsing relationship: /xl/worksheets/_rels/sheet1.xml.rels
 15:32:45.146 [main] DEBUG org.apache.poi.openxml4j.opc.PackageRelationshipCollection - Parsing relationship: /_rels/.rels
 15:32:45.188 [main] DEBUG org.apache.poi.openxml4j.opc.PackageRelationshipCollection - Parsing relationship: /xl/_rels/workbook.xml.rels
 15:32:45.189 [main] DEBUG org.apache.poi.openxml4j.opc.PackageRelationshipCollection - Parsing relationship: /xl/worksheets/_rels/sheet1.xml.rels
 15:32:45.191 [main] DEBUG org.apache.poi.openxml4j.opc.PackageRelationshipCollection - Parsing relationship: /_rels/.rels
 15:32:45.225 [main] DEBUG org.apache.poi.openxml4j.opc.PackageRelationshipCollection - Parsing relationship: /xl/_rels/workbook.xml.rels
 15:32:45.226 [main] DEBUG org.apache.poi.openxml4j.opc.PackageRelationshipCollection - Parsing relationship: /xl/worksheets/_rels/sheet1.xml.rels
 15:32:45.228 [main] DEBUG org.apache.poi.openxml4j.opc.PackageRelationshipCollection - Parsing relationship: /_rels/.rels
 15:32:45.262 [main] DEBUG org.apache.poi.openxml4j.opc.PackageRelationshipCollection - Parsing relationship: /xl/_rels/workbook.xml.rels
 15:32:45.264 [main] DEBUG org.apache.poi.openxml4j.opc.PackageRelationshipCollection - Parsing relationship: /xl/worksheets/_rels/sheet1.xml.rels
 15:32:45.266 [main] DEBUG org.apache.poi.openxml4j.opc.PackageRelationshipCollection - Parsing relationship: /_rels/.rels
 15:32:45.295 [main] DEBUG org.apache.poi.openxml4j.opc.PackageRelationshipCollection - Parsing relationship: /xl/_rels/workbook.xml.rels
 15:32:45.297 [main] DEBUG org.apache.poi.openxml4j.opc.PackageRelationshipCollection - Parsing relationship: /xl/worksheets/_rels/sheet1.xml.rels
 15:32:45.298 [main] DEBUG org.apache.poi.openxml4j.opc.PackageRelationshipCollection - Parsing relationship: /_rels/.rels
 15:32:45.328 [main] DEBUG org.apache.poi.openxml4j.opc.PackageRelationshipCollection - Parsing relationship: /xl/_rels/workbook.xml.rels
 15:32:45.330 [main] DEBUG org.apache.poi.openxml4j.opc.PackageRelationshipCollection - Parsing relationship: /xl/worksheets/_rels/sheet1.xml.rels
 15:32:45.331 [main] DEBUG org.apache.poi.openxml4j.opc.PackageRelationshipCollection - Parsing relationship: /_rels/.rels
 15:32:45.362 [main] DEBUG org.apache.poi.openxml4j.opc.PackageRelationshipCollection - Parsing relationship: /xl/_rels/workbook.xml.rels
 15:32:45.364 [main] DEBUG org.apache.poi.openxml4j.opc.PackageRelationshipCollection - Parsing relationship: /xl/worksheets/_rels/sheet1.xml.rels
 15:32:45.366 [main] DEBUG org.apache.poi.openxml4j.opc.PackageRelationshipCollection - Parsing relationship: /_rels/.rels
 15:32:45.420 [main] INFO  testCases.TC003_LoginDDT - ******* Starting TC003_loginDDT ******
 15:32:48.232 [main] INFO  testCases.TC003_LoginDDT - ******* finished TC003_loginDDT ******
 15:32:48.248 [main] INFO  testCases.TC003_LoginDDT - ******* Starting TC003_loginDDT ******
 15:32:59.562 [main] INFO  testCases.TC003_LoginDDT - ******* Starting TC003_loginDDT ******
 15:33:01.983 [main] INFO  testCases.TC003_LoginDDT - ******* finished TC003_loginDDT ******
 15:33:01.993 [main] INFO  testCases.TC003_LoginDDT - ******* Starting TC003_loginDDT ******
 15:33:13.276 [main] INFO  testCases.TC003_LoginDDT - ******* finished TC003_loginDDT ******
 15:33:13.290 [main] INFO  testCases.TC003_LoginDDT - ******* Starting TC003_loginDDT ******
 15:33:19.316 [main] INFO  testCases.TC003_LoginDDT - ******* finished TC003_loginDDT ******
 15:35:53.217 [main] DEBUG org.testng.TestNG - suiteXmlPath: "F:\Eclipse Workspace\Openkart\Master.xml"
 15:35:53.662 [main] INFO  org.testng.internal.Utils - [TestNG] Running:
  F:\Eclipse Workspace\Openkart\Master.xml

 15:36:04.552 [main] DEBUG org.apache.poi.openxml4j.opc.PackageRelationshipCollection - Parsing relationship: /xl/_rels/workbook.xml.rels
 15:36:04.560 [main] DEBUG org.apache.poi.openxml4j.opc.PackageRelationshipCollection - Parsing relationship: /xl/worksheets/_rels/sheet1.xml.rels
 15:36:04.567 [main] DEBUG org.apache.poi.openxml4j.opc.PackageRelationshipCollection - Parsing relationship: /_rels/.rels
 15:36:05.629 [main] DEBUG org.apache.poi.openxml4j.opc.PackageRelationshipCollection - Parsing relationship: /xl/_rels/workbook.xml.rels
 15:36:05.631 [main] DEBUG org.apache.poi.openxml4j.opc.PackageRelationshipCollection - Parsing relationship: /xl/worksheets/_rels/sheet1.xml.rels
 15:36:05.634 [main] DEBUG org.apache.poi.openxml4j.opc.PackageRelationshipCollection - Parsing relationship: /_rels/.rels
 15:36:05.691 [main] DEBUG org.apache.poi.openxml4j.opc.PackageRelationshipCollection - Parsing relationship: /xl/_rels/workbook.xml.rels
 15:36:05.693 [main] DEBUG org.apache.poi.openxml4j.opc.PackageRelationshipCollection - Parsing relationship: /xl/worksheets/_rels/sheet1.xml.rels
 15:36:05.695 [main] DEBUG org.apache.poi.openxml4j.opc.PackageRelationshipCollection - Parsing relationship: /_rels/.rels
 15:36:05.769 [main] DEBUG org.apache.poi.openxml4j.opc.PackageRelationshipCollection - Parsing relationship: /xl/_rels/workbook.xml.rels
 15:36:05.771 [main] DEBUG org.apache.poi.openxml4j.opc.PackageRelationshipCollection - Parsing relationship: /xl/worksheets/_rels/sheet1.xml.rels
 15:36:05.773 [main] DEBUG org.apache.poi.openxml4j.opc.PackageRelationshipCollection - Parsing relationship: /_rels/.rels
 15:36:05.817 [main] DEBUG org.apache.poi.openxml4j.opc.PackageRelationshipCollection - Parsing relationship: /xl/_rels/workbook.xml.rels
 15:36:05.818 [main] DEBUG org.apache.poi.openxml4j.opc.PackageRelationshipCollection - Parsing relationship: /xl/worksheets/_rels/sheet1.xml.rels
 15:36:05.820 [main] DEBUG org.apache.poi.openxml4j.opc.PackageRelationshipCollection - Parsing relationship: /_rels/.rels
 15:36:05.863 [main] DEBUG org.apache.poi.openxml4j.opc.PackageRelationshipCollection - Parsing relationship: /xl/_rels/workbook.xml.rels
 15:36:05.865 [main] DEBUG org.apache.poi.openxml4j.opc.PackageRelationshipCollection - Parsing relationship: /xl/worksheets/_rels/sheet1.xml.rels
 15:36:05.867 [main] DEBUG org.apache.poi.openxml4j.opc.PackageRelationshipCollection - Parsing relationship: /_rels/.rels
 15:36:05.906 [main] DEBUG org.apache.poi.openxml4j.opc.PackageRelationshipCollection - Parsing relationship: /xl/_rels/workbook.xml.rels
 15:36:05.908 [main] DEBUG org.apache.poi.openxml4j.opc.PackageRelationshipCollection - Parsing relationship: /xl/worksheets/_rels/sheet1.xml.rels
 15:36:05.910 [main] DEBUG org.apache.poi.openxml4j.opc.PackageRelationshipCollection - Parsing relationship: /_rels/.rels
 15:36:05.955 [main] DEBUG org.apache.poi.openxml4j.opc.PackageRelationshipCollection - Parsing relationship: /xl/_rels/workbook.xml.rels
 15:36:05.956 [main] DEBUG org.apache.poi.openxml4j.opc.PackageRelationshipCollection - Parsing relationship: /xl/worksheets/_rels/sheet1.xml.rels
 15:36:05.959 [main] DEBUG org.apache.poi.openxml4j.opc.PackageRelationshipCollection - Parsing relationship: /_rels/.rels
 15:36:06.000 [main] DEBUG org.apache.poi.openxml4j.opc.PackageRelationshipCollection - Parsing relationship: /xl/_rels/workbook.xml.rels
 15:36:06.001 [main] DEBUG org.apache.poi.openxml4j.opc.PackageRelationshipCollection - Parsing relationship: /xl/worksheets/_rels/sheet1.xml.rels
 15:36:06.003 [main] DEBUG org.apache.poi.openxml4j.opc.PackageRelationshipCollection - Parsing relationship: /_rels/.rels
 15:36:06.042 [main] DEBUG org.apache.poi.openxml4j.opc.PackageRelationshipCollection - Parsing relationship: /xl/_rels/workbook.xml.rels
 15:36:06.047 [main] DEBUG org.apache.poi.openxml4j.opc.PackageRelationshipCollection - Parsing relationship: /xl/worksheets/_rels/sheet1.xml.rels
 15:36:06.050 [main] DEBUG org.apache.poi.openxml4j.opc.PackageRelationshipCollection - Parsing relationship: /_rels/.rels
 15:36:06.089 [main] DEBUG org.apache.poi.openxml4j.opc.PackageRelationshipCollection - Parsing relationship: /xl/_rels/workbook.xml.rels
 15:36:06.090 [main] DEBUG org.apache.poi.openxml4j.opc.PackageRelationshipCollection - Parsing relationship: /xl/worksheets/_rels/sheet1.xml.rels
 15:36:06.092 [main] DEBUG org.apache.poi.openxml4j.opc.PackageRelationshipCollection - Parsing relationship: /_rels/.rels
 15:36:06.140 [main] DEBUG org.apache.poi.openxml4j.opc.PackageRelationshipCollection - Parsing relationship: /xl/_rels/workbook.xml.rels
 15:36:06.142 [main] DEBUG org.apache.poi.openxml4j.opc.PackageRelationshipCollection - Parsing relationship: /xl/worksheets/_rels/sheet1.xml.rels
 